<?xml version="1.0" encoding="UTF-8"?>
<!-- Generated by org.testng.reporters.JUnitReportReporter -->
<testsuite hostname="Minhajuls-MacBook-Pro-2.local" name="mq.amazon_frontend.login.FR002_InvalidLogin" tests="1" failures="0" timestamp="2 Aug 2016 20:48:20 GMT" time="9.960" errors="0">
  <testcase name="searchTest" time="9.960" classname="mq.amazon_frontend.login.FR002_InvalidLogin"/>
</testsuite> <!-- mq.amazon_frontend.login.FR002_InvalidLogin -->
