<?xml version="1.0" encoding="UTF-8"?>
<!-- Generated by org.testng.reporters.JUnitReportReporter -->
<testsuite hostname="Minhajuls-MacBook-Pro-2.local" name="mq.amazon_frontend.login.FR001_ValidLogin" tests="1" failures="0" timestamp="25 Jul 2016 19:30:54 GMT" time="0.006" errors="0">
  <testcase name="validLoginTest" time="0.006" classname="mq.amazon_frontend.login.FR001_ValidLogin"/>
</testsuite> <!-- mq.amazon_frontend.login.FR001_ValidLogin -->
