<?xml version="1.0" encoding="UTF-8"?>
<!-- Generated by org.testng.reporters.JUnitReportReporter -->
<testsuite hostname="MINHAJULs-MBP.home" name="mq.amazon_frontend.login.Test" tests="1" failures="0" timestamp="3 Aug 2016 01:07:08 GMT" time="0.410" errors="0">
  <testcase name="myTest" time="0.410" classname="mq.amazon_frontend.login.Test"/>
</testsuite> <!-- mq.amazon_frontend.login.Test -->
