<?xml version="1.0" encoding="UTF-8"?>
<!-- Generated by org.testng.reporters.JUnitReportReporter -->
<testsuite hostname="MINHAJULs-MBP.home" name="mq.amazon_frontend.login.Test" tests="1" failures="0" timestamp="31 Jul 2016 03:33:23 GMT" time="0.019" errors="0">
  <testcase name="test01" time="0.019" classname="mq.amazon_frontend.login.Test"/>
</testsuite> <!-- mq.amazon_frontend.login.Test -->
