<?xml version="1.0" encoding="UTF-8"?>
<!-- Generated by org.testng.reporters.JUnitReportReporter -->
<testsuite hostname="MINHAJULs-MBP.home" name="mq.amazon_frontend.login.FR001_ValidLogin" tests="2" failures="0" timestamp="26 Jul 2016 01:13:16 GMT" time="29.477" errors="0">
  <testcase name="validLoginTest2" time="13.926" classname="mq.amazon_frontend.login.FR001_ValidLogin"/>
  <testcase name="validLoginTest" time="15.551" classname="mq.amazon_frontend.login.FR001_ValidLogin"/>
</testsuite> <!-- mq.amazon_frontend.login.FR001_ValidLogin -->
