<?xml version="1.0" encoding="UTF-8"?>
<!-- Generated by org.testng.reporters.JUnitReportReporter -->
<testsuite hostname="MINHAJULs-MBP.home" name="mq.amazon_frontend.login.FR001_ValidLogin" tests="2" failures="0" timestamp="26 Jul 2016 00:55:04 GMT" time="33.893" errors="0">
  <testcase name="validLoginTest" time="20.888" classname="mq.amazon_frontend.login.FR001_ValidLogin"/>
  <testcase name="validLoginTest2" time="13.005" classname="mq.amazon_frontend.login.FR001_ValidLogin"/>
</testsuite> <!-- mq.amazon_frontend.login.FR001_ValidLogin -->
