<?xml version="1.0" encoding="UTF-8"?>
<!-- Generated by org.testng.reporters.JUnitReportReporter -->
<testsuite hostname="Minhajuls-MacBook-Pro-2.local" name="mq.amazon_frontend.login.Test" tests="1" failures="0" timestamp="2 Aug 2016 18:41:18 GMT" time="0.343" errors="0">
  <testcase name="myTest" time="0.343" classname="mq.amazon_frontend.login.Test"/>
</testsuite> <!-- mq.amazon_frontend.login.Test -->
